Build started 24/02/2016 15:03:09.
     1>Project "C:\Users\oscar\Desktop\LEARNERS AND TRACKERS 2016\SUPERTRACKER HELIPAD NEW IPL\cam_bn\cam_bn\cam_bn.vcxproj" on node 2 (build target(s)).
     1>InitializeBuildStatus:
         Creating "Release\cam_bn.unsuccessfulbuild" because "AlwaysCreate" was specified.
       ClCompile:
         C:\Program Files (x86)\Microsoft Visual Studio 10.0\VC\bin\CL.exe /c /IC:\opencv\build\include /Zi /nologo /W3 /WX- /O2 /Oi /Oy- /GL /D WIN32 /D NDEBUG /D _CONSOLE /D _UNICODE /D UNICODE /Gm- /EHsc /MD /GS /Gy /fp:precise /Zc:wchar_t /Zc:forScope /Fo"Release\\" /Fd"Release\vc100.pdb" /Gd /TP /analyze- /errorReport:prompt main.cpp
         main.cpp
     1>c:\opencv\build\include\opencv2\flann\logger.h(66): warning C4996: 'fopen': This function or variable may be unsafe. Consider using fopen_s instead. To disable deprecation, use _CRT_SECURE_NO_WARNINGS. See online help for details.
                 C:\Program Files (x86)\Microsoft Visual Studio 10.0\VC\include\stdio.h(234) : see declaration of 'fopen'
     1>c:\users\oscar\desktop\learners and trackers 2016\supertracker helipad new ipl\cam_bn\cam_bn\neural_lib.h(13): warning C4305: 'initializing' : truncation from 'double' to 'float'
     1>c:\users\oscar\desktop\learners and trackers 2016\supertracker helipad new ipl\cam_bn\cam_bn\neural_lib.h(43): warning C4244: '=' : conversion from 'int' to 'float', possible loss of data
     1>c:\users\oscar\desktop\learners and trackers 2016\supertracker helipad new ipl\cam_bn\cam_bn\neural_lib.h(82): warning C4244: '=' : conversion from 'double' to 'float', possible loss of data
     1>c:\users\oscar\desktop\learners and trackers 2016\supertracker helipad new ipl\cam_bn\cam_bn\neural_lib.h(220): warning C4305: '=' : truncation from 'double' to 'float'
     1>c:\users\oscar\desktop\learners and trackers 2016\supertracker helipad new ipl\cam_bn\cam_bn\n_neural_lib.h(46): warning C4244: '=' : conversion from 'int' to 'float', possible loss of data
     1>c:\users\oscar\desktop\learners and trackers 2016\supertracker helipad new ipl\cam_bn\cam_bn\n_neural_lib.h(87): warning C4244: '=' : conversion from 'double' to 'float', possible loss of data
     1>c:\users\oscar\desktop\learners and trackers 2016\supertracker helipad new ipl\cam_bn\cam_bn\n_neural_lib.h(235): warning C4305: '=' : truncation from 'double' to 'float'
     1>c:\users\oscar\desktop\learners and trackers 2016\supertracker helipad new ipl\cam_bn\cam_bn\n_neural_lib.h(265): warning C4244: '=' : conversion from 'double' to 'float', possible loss of data
     1>c:\users\oscar\desktop\learners and trackers 2016\supertracker helipad new ipl\cam_bn\cam_bn\cargar_pesos.h(10): warning C4996: 'fopen': This function or variable may be unsafe. Consider using fopen_s instead. To disable deprecation, use _CRT_SECURE_NO_WARNINGS. See online help for details.
                 C:\Program Files (x86)\Microsoft Visual Studio 10.0\VC\include\stdio.h(234) : see declaration of 'fopen'
     1>c:\users\oscar\desktop\learners and trackers 2016\supertracker helipad new ipl\cam_bn\cam_bn\cargar_pesos.h(18): warning C4996: 'fscanf': This function or variable may be unsafe. Consider using fscanf_s instead. To disable deprecation, use _CRT_SECURE_NO_WARNINGS. See online help for details.
                 C:\Program Files (x86)\Microsoft Visual Studio 10.0\VC\include\stdio.h(253) : see declaration of 'fscanf'
     1>c:\users\oscar\desktop\learners and trackers 2016\supertracker helipad new ipl\cam_bn\cam_bn\cargar_pesos.h(23): warning C4996: 'fopen': This function or variable may be unsafe. Consider using fopen_s instead. To disable deprecation, use _CRT_SECURE_NO_WARNINGS. See online help for details.
                 C:\Program Files (x86)\Microsoft Visual Studio 10.0\VC\include\stdio.h(234) : see declaration of 'fopen'
     1>c:\users\oscar\desktop\learners and trackers 2016\supertracker helipad new ipl\cam_bn\cam_bn\cargar_pesos.h(31): warning C4996: 'fscanf': This function or variable may be unsafe. Consider using fscanf_s instead. To disable deprecation, use _CRT_SECURE_NO_WARNINGS. See online help for details.
                 C:\Program Files (x86)\Microsoft Visual Studio 10.0\VC\include\stdio.h(253) : see declaration of 'fscanf'
     1>c:\users\oscar\desktop\learners and trackers 2016\supertracker helipad new ipl\cam_bn\cam_bn\cargar_pesos.h(47): warning C4996: 'fopen': This function or variable may be unsafe. Consider using fopen_s instead. To disable deprecation, use _CRT_SECURE_NO_WARNINGS. See online help for details.
                 C:\Program Files (x86)\Microsoft Visual Studio 10.0\VC\include\stdio.h(234) : see declaration of 'fopen'
     1>c:\users\oscar\desktop\learners and trackers 2016\supertracker helipad new ipl\cam_bn\cam_bn\cargar_pesos.h(59): warning C4996: 'fopen': This function or variable may be unsafe. Consider using fopen_s instead. To disable deprecation, use _CRT_SECURE_NO_WARNINGS. See online help for details.
                 C:\Program Files (x86)\Microsoft Visual Studio 10.0\VC\include\stdio.h(234) : see declaration of 'fopen'
     1>c:\users\oscar\desktop\learners and trackers 2016\supertracker helipad new ipl\cam_bn\cam_bn\n_cargar_pesos.h(9): warning C4996: 'fopen': This function or variable may be unsafe. Consider using fopen_s instead. To disable deprecation, use _CRT_SECURE_NO_WARNINGS. See online help for details.
                 C:\Program Files (x86)\Microsoft Visual Studio 10.0\VC\include\stdio.h(234) : see declaration of 'fopen'
     1>c:\users\oscar\desktop\learners and trackers 2016\supertracker helipad new ipl\cam_bn\cam_bn\n_cargar_pesos.h(17): warning C4996: 'fscanf': This function or variable may be unsafe. Consider using fscanf_s instead. To disable deprecation, use _CRT_SECURE_NO_WARNINGS. See online help for details.
                 C:\Program Files (x86)\Microsoft Visual Studio 10.0\VC\include\stdio.h(253) : see declaration of 'fscanf'
     1>c:\users\oscar\desktop\learners and trackers 2016\supertracker helipad new ipl\cam_bn\cam_bn\n_cargar_pesos.h(22): warning C4996: 'fopen': This function or variable may be unsafe. Consider using fopen_s instead. To disable deprecation, use _CRT_SECURE_NO_WARNINGS. See online help for details.
                 C:\Program Files (x86)\Microsoft Visual Studio 10.0\VC\include\stdio.h(234) : see declaration of 'fopen'
     1>c:\users\oscar\desktop\learners and trackers 2016\supertracker helipad new ipl\cam_bn\cam_bn\n_cargar_pesos.h(30): warning C4996: 'fscanf': This function or variable may be unsafe. Consider using fscanf_s instead. To disable deprecation, use _CRT_SECURE_NO_WARNINGS. See online help for details.
                 C:\Program Files (x86)\Microsoft Visual Studio 10.0\VC\include\stdio.h(253) : see declaration of 'fscanf'
     1>c:\users\oscar\desktop\learners and trackers 2016\supertracker helipad new ipl\cam_bn\cam_bn\n_cargar_pesos.h(46): warning C4996: 'fopen': This function or variable may be unsafe. Consider using fopen_s instead. To disable deprecation, use _CRT_SECURE_NO_WARNINGS. See online help for details.
                 C:\Program Files (x86)\Microsoft Visual Studio 10.0\VC\include\stdio.h(234) : see declaration of 'fopen'
     1>c:\users\oscar\desktop\learners and trackers 2016\supertracker helipad new ipl\cam_bn\cam_bn\n_cargar_pesos.h(58): warning C4996: 'fopen': This function or variable may be unsafe. Consider using fopen_s instead. To disable deprecation, use _CRT_SECURE_NO_WARNINGS. See online help for details.
                 C:\Program Files (x86)\Microsoft Visual Studio 10.0\VC\include\stdio.h(234) : see declaration of 'fopen'
     1>main.cpp(93): warning C4305: 'initializing' : truncation from 'double' to 'float'
     1>main.cpp(118): warning C4244: 'argument' : conversion from 'double' to 'int', possible loss of data
     1>main.cpp(173): warning C4305: '=' : truncation from 'double' to 'float'
     1>main.cpp(173): warning C4305: '=' : truncation from 'double' to 'float'
     1>main.cpp(149): warning C4101: 'flag' : unreferenced local variable
     1>main.cpp(259): warning C4244: 'argument' : conversion from 'float' to 'int', possible loss of data
     1>main.cpp(262): warning C4244: 'argument' : conversion from 'float' to 'int', possible loss of data
     1>main.cpp(269): warning C4244: 'argument' : conversion from 'float' to 'int', possible loss of data
     1>main.cpp(278): warning C4244: 'argument' : conversion from 'float' to 'int', possible loss of data
     1>main.cpp(251): warning C4101: 'temp' : unreferenced local variable
     1>main.cpp(250): warning C4101: 'j' : unreferenced local variable
     1>main.cpp(294): warning C4244: 'argument' : conversion from 'float' to 'int', possible loss of data
     1>main.cpp(287): warning C4101: 'temp' : unreferenced local variable
     1>main.cpp(314): warning C4244: 'argument' : conversion from 'float' to 'int', possible loss of data
     1>main.cpp(302): warning C4101: 'j' : unreferenced local variable
     1>main.cpp(324): warning C4305: '=' : truncation from 'double' to 'float'
     1>main.cpp(328): warning C4305: '=' : truncation from 'double' to 'float'
     1>main.cpp(334): warning C4305: '=' : truncation from 'double' to 'float'
     1>main.cpp(356): warning C4244: '=' : conversion from 'double' to 'float', possible loss of data
     1>main.cpp(383): warning C4305: '=' : truncation from 'double' to 'float'
     1>main.cpp(384): warning C4305: '=' : truncation from 'double' to 'float'
     1>main.cpp(396): warning C4305: '=' : truncation from 'double' to 'float'
     1>main.cpp(410): warning C4305: '=' : truncation from 'double' to 'float'
     1>main.cpp(424): warning C4305: '=' : truncation from 'double' to 'float'
     1>main.cpp(393): warning C4101: 'lows' : unreferenced local variable
     1>main.cpp(432): warning C4244: '=' : conversion from 'double' to 'float', possible loss of data
     1>main.cpp(429): warning C4101: 'i' : unreferenced local variable
     1>main.cpp(429): warning C4101: 'rest' : unreferenced local variable
     1>main.cpp(430): warning C4101: 'max' : unreferenced local variable
     1>main.cpp(429): warning C4101: 'j' : unreferenced local variable
     1>main.cpp(465): warning C4101: 'y' : unreferenced local variable
     1>main.cpp(465): warning C4101: 'x' : unreferenced local variable
     1>main.cpp(465): warning C4101: 'i' : unreferenced local variable
     1>main.cpp(466): warning C4101: 'tempo' : unreferenced local variable
     1>main.cpp(466): warning C4101: 'temph' : unreferenced local variable
     1>main.cpp(465): warning C4101: 'j' : unreferenced local variable
     1>main.cpp(498): warning C4305: '=' : truncation from 'double' to 'float'
     1>main.cpp(504): warning C4305: '=' : truncation from 'double' to 'float'
     1>main.cpp(505): warning C4305: '=' : truncation from 'double' to 'float'
     1>main.cpp(506): warning C4305: '=' : truncation from 'double' to 'float'
     1>main.cpp(596): warning C4305: '=' : truncation from 'double' to 'float'
     1>main.cpp(596): warning C4305: '=' : truncation from 'double' to 'float'
     1>main.cpp(596): warning C4305: '=' : truncation from 'double' to 'float'
     1>main.cpp(598): warning C4305: '=' : truncation from 'double' to 'float'
     1>main.cpp(598): warning C4305: '=' : truncation from 'double' to 'float'
     1>main.cpp(598): warning C4305: '=' : truncation from 'double' to 'float'
     1>main.cpp(600): warning C4305: '=' : truncation from 'double' to 'float'
     1>main.cpp(600): warning C4305: '=' : truncation from 'double' to 'float'
     1>main.cpp(600): warning C4305: '=' : truncation from 'double' to 'float'
     1>main.cpp(755): warning C4305: '=' : truncation from 'double' to 'float'
     1>main.cpp(756): warning C4305: '=' : truncation from 'double' to 'float'
     1>main.cpp(485): warning C4101: 'flotter' : unreferenced local variable
       Link:
         C:\Program Files (x86)\Microsoft Visual Studio 10.0\VC\bin\link.exe /ERRORREPORT:PROMPT /OUT:"C:\Users\oscar\Desktop\LEARNERS AND TRACKERS 2016\SUPERTRACKER HELIPAD NEW IPL\cam_bn\Release\cam_bn.exe" /INCREMENTAL:NO /NOLOGO opencv_calib3d2410.lib opencv_contrib2410.lib opencv_core2410.lib opencv_features2d2410.lib opencv_flann2410.lib opencv_gpu2410.lib opencv_highgui2410.lib opencv_imgproc2410.lib opencv_legacy2410.lib opencv_ml2410.lib opencv_nonfree2410.lib opencv_objdetect2410.lib opencv_photo2410.lib opencv_stitching2410.lib opencv_ts2410.lib opencv_video2410.lib opencv_videostab2410.lib kernel32.lib user32.lib gdi32.lib winspool.lib comdlg32.lib advapi32.lib shell32.lib ole32.lib oleaut32.lib uuid.lib odbc32.lib odbccp32.lib /MANIFEST /ManifestFile:"Release\cam_bn.exe.intermediate.manifest" /MANIFESTUAC:"level='asInvoker' uiAccess='false'" /DEBUG /PDB:"C:\Users\oscar\Desktop\LEARNERS AND TRACKERS 2016\SUPERTRACKER HELIPAD NEW IPL\cam_bn\Release\cam_bn.pdb" /SUBSYSTEM:CONSOLE /OPT:REF /OPT:ICF /LTCG /TLBID:1 /DYNAMICBASE /NXCOMPAT /IMPLIB:"C:\Users\oscar\Desktop\LEARNERS AND TRACKERS 2016\SUPERTRACKER HELIPAD NEW IPL\cam_bn\Release\cam_bn.lib" /MACHINE:X86 Release\main.obj
         Generating code
         Finished generating code
         cam_bn.vcxproj -> C:\Users\oscar\Desktop\LEARNERS AND TRACKERS 2016\SUPERTRACKER HELIPAD NEW IPL\cam_bn\Release\cam_bn.exe
       Manifest:
         C:\Program Files (x86)\Microsoft SDKs\Windows\v7.0A\bin\mt.exe /nologo /verbose /outputresource:"C:\Users\oscar\Desktop\LEARNERS AND TRACKERS 2016\SUPERTRACKER HELIPAD NEW IPL\cam_bn\Release\cam_bn.exe;#1" /manifest Release\cam_bn.exe.intermediate.manifest
       FinalizeBuildStatus:
         Deleting file "Release\cam_bn.unsuccessfulbuild".
         Touching "Release\cam_bn.lastbuildstate".
     1>Done Building Project "C:\Users\oscar\Desktop\LEARNERS AND TRACKERS 2016\SUPERTRACKER HELIPAD NEW IPL\cam_bn\cam_bn\cam_bn.vcxproj" (build target(s)).

Build succeeded.

Time Elapsed 00:00:04.02
